<?xml version="1.0" encoding="UTF-8"?>
<!-- Generated by org.testng.reporters.JUnitXMLReporter -->
<testsuite hostname="DESKTOP-626U24Q" ignored="0" name="Test" tests="18" failures="1" timestamp="2019-12-27T17:42:35 IST" time="279.857" errors="0">
  <testcase name="loginpageTitletest" time="0.058" classname="com.adminlte.qa.testcases.LoginpageTestcases"/>
  <testcase name="checklogotest" time="0.11" classname="com.adminlte.qa.testcases.LoginpageTestcases"/>
  <testcase name="loginTestwith_Invalid_data" time="0.353" classname="com.adminlte.qa.testcases.LoginpageTestcases"/>
  <testcase name="loginTestwith_Invalid_data" time="0.29" classname="com.adminlte.qa.testcases.LoginpageTestcases"/>
  <testcase name="LoginTest" time="1.368" classname="com.adminlte.qa.testcases.LoginpageTestcases"/>
  <testcase name="verifycorrectUsernamedisplayedTest" time="0.056" classname="com.adminlte.qa.testcases.DashboardTest"/>
  <testcase name="clickonUserTest" time="0.373" classname="com.adminlte.qa.testcases.DashboardTest"/>
  <testcase name="clickonOperatorsTest" time="1.374" classname="com.adminlte.qa.testcases.DashboardTest"/>
  <testcase name="clickseleniumtestingsyllabustabTest" time="1.097" classname="com.adminlte.qa.testcases.DashboardTest"/>
  <testcase name="clickPythonsyllabustabTest" time="1.099" classname="com.adminlte.qa.testcases.DashboardTest"/>
  <testcase name="tabletiledisplayTest" time="0.049" classname="com.adminlte.qa.testcases.UserPageTestcases"/>
  <testcase name="clickonAdduserTest" time="2.378" classname="com.adminlte.qa.testcases.UserPageTestcases"/>
  <testcase name="clickondeleteTest" time="13.122" classname="com.adminlte.qa.testcases.UserPageTestcases"/>
  <testcase name="clickonLogoutTest" time="2.267" classname="com.adminlte.qa.testcases.UserPageTestcases"/>
  <testcase name="gettitleofpage" time="0.016" classname="com.adminlte.qa.testcases.AdduserTestcases">
    <failure type="java.lang.AssertionError" message="JavaByKiran | Add User expected:&amp;lt;JavaByKiran | Add User&amp;gt; but was:&amp;lt;Actual name is differnt than Expected &amp;gt;">
      <![CDATA[java.lang.AssertionError: JavaByKiran | Add User expected:<JavaByKiran | Add User> but was:<Actual name is differnt than Expected >
at com.adminlte.qa.testcases.AdduserTestcases.gettitleofpage(AdduserTestcases.java:50)
at java.util.ArrayList.forEach(ArrayList.java:1257)
... Removed 28 stack frames]]>
    </failure>
  </testcase> <!-- gettitleofpage -->
  <testcase name="createnewUserTest" time="5.98" classname="com.adminlte.qa.testcases.AdduserTestcases"/>
  <testcase name="createnewUserTest" time="5.803" classname="com.adminlte.qa.testcases.AdduserTestcases"/>
  <testcase name="createnewUserTest" time="5.871" classname="com.adminlte.qa.testcases.AdduserTestcases"/>
</testsuite> <!-- Test -->
