<html>
<head>
<title>TestNG:  Test</title>
<link href="../testng.css" rel="stylesheet" type="text/css" />
<link href="../my-testng.css" rel="stylesheet" type="text/css" />

<style type="text/css">
.log { display: none;} 
.stack-trace { display: none;} 
</style>
<script type="text/javascript">
<!--
function flip(e) {
  current = e.style.display;
  if (current == 'block') {
    e.style.display = 'none';
    return 0;
  }
  else {
    e.style.display = 'block';
    return 1;
  }
}

function toggleBox(szDivId, elem, msg1, msg2)
{
  var res = -1;  if (document.getElementById) {
    res = flip(document.getElementById(szDivId));
  }
  else if (document.all) {
    // this is the way old msie versions work
    res = flip(document.all[szDivId]);
  }
  if(elem) {
    if(res == 0) elem.innerHTML = msg1; else elem.innerHTML = msg2;
  }

}

function toggleAllBoxes() {
  if (document.getElementsByTagName) {
    d = document.getElementsByTagName('div');
    for (i = 0; i < d.length; i++) {
      if (d[i].className == 'log') {
        flip(d[i]);
      }
    }
  }
}

// -->
</script>

</head>
<body>
<h2 align='center'>Test</h2><table border='1' align="center">
<tr>
<td>Tests passed/Failed/Skipped:</td><td>17/1/0</td>
</tr><tr>
<td>Started on:</td><td>Fri Dec 27 17:37:54 IST 2019</td>
</tr>
<tr><td>Total time:</td><td>279 seconds (279857 ms)</td>
</tr><tr>
<td>Included groups:</td><td></td>
</tr><tr>
<td>Excluded groups:</td><td></td>
</tr>
</table><p/>
<small><i>(Hover the method name to see the test class name)</i></small><p/>
<table width='100%' border='1' class='invocation-failed'>
<tr><td colspan='4' align='center'><b>FAILED TESTS</b></td></tr>
<tr><td><b>Test method</b></td>
<td width="30%"><b>Exception</b></td>
<td width="10%"><b>Time (seconds)</b></td>
<td><b>Instance</b></td>
</tr>
<tr>
<td title='com.adminlte.qa.testcases.AdduserTestcases.gettitleofpage()'><b>gettitleofpage</b><br>Test class: com.adminlte.qa.testcases.AdduserTestcases</td>
<td><div><pre>java.lang.AssertionError: JavaByKiran | Add User expected:&lt;JavaByKiran | Add User&gt; but was:&lt;Actual name is differnt than Expected &gt;
	at com.adminlte.qa.testcases.AdduserTestcases.gettitleofpage(AdduserTestcases.java:50)
	at java.util.ArrayList.forEach(ArrayList.java:1257)
... Removed 28 stack frames</pre></div><a href='#' onClick='toggleBox("stack-trace238308051", this, "Click to show all stack frames", "Click to hide stack frames")'>Click to show all stack frames</a>
<div class='stack-trace' id='stack-trace238308051'><pre>java.lang.AssertionError: JavaByKiran | Add User expected:&lt;JavaByKiran | Add User&gt; but was:&lt;Actual name is differnt than Expected &gt;
	at org.testng.AssertJUnit.assertEquals(AssertJUnit.java:82)
	at com.adminlte.qa.testcases.AdduserTestcases.gettitleofpage(AdduserTestcases.java:50)
	at sun.reflect.NativeMethodAccessorImpl.invoke0(Native Method)
	at sun.reflect.NativeMethodAccessorImpl.invoke(NativeMethodAccessorImpl.java:62)
	at sun.reflect.DelegatingMethodAccessorImpl.invoke(DelegatingMethodAccessorImpl.java:43)
	at java.lang.reflect.Method.invoke(Method.java:498)
	at org.testng.internal.MethodInvocationHelper.invokeMethod(MethodInvocationHelper.java:133)
	at org.testng.internal.TestInvoker.invokeMethod(TestInvoker.java:584)
	at org.testng.internal.TestInvoker.invokeTestMethod(TestInvoker.java:172)
	at org.testng.internal.MethodRunner.runInSequence(MethodRunner.java:46)
	at org.testng.internal.TestInvoker$MethodInvocationAgent.invoke(TestInvoker.java:804)
	at org.testng.internal.TestInvoker.invokeTestMethods(TestInvoker.java:145)
	at org.testng.internal.TestMethodWorker.invokeTestMethods(TestMethodWorker.java:146)
	at org.testng.internal.TestMethodWorker.run(TestMethodWorker.java:128)
	at java.util.ArrayList.forEach(ArrayList.java:1257)
	at org.testng.TestRunner.privateRun(TestRunner.java:770)
	at org.testng.TestRunner.run(TestRunner.java:591)
	at org.testng.SuiteRunner.runTest(SuiteRunner.java:402)
	at org.testng.SuiteRunner.runSequentially(SuiteRunner.java:396)
	at org.testng.SuiteRunner.privateRun(SuiteRunner.java:355)
	at org.testng.SuiteRunner.run(SuiteRunner.java:304)
	at org.testng.SuiteRunnerWorker.runSuite(SuiteRunnerWorker.java:53)
	at org.testng.SuiteRunnerWorker.run(SuiteRunnerWorker.java:96)
	at org.testng.TestNG.runSuitesSequentially(TestNG.java:1180)
	at org.testng.TestNG.runSuitesLocally(TestNG.java:1102)
	at org.testng.TestNG.runSuites(TestNG.java:1032)
	at org.testng.TestNG.run(TestNG.java:1000)
	at org.testng.remote.AbstractRemoteTestNG.run(AbstractRemoteTestNG.java:115)
	at org.testng.remote.RemoteTestNG.initAndRun(RemoteTestNG.java:251)
	at org.testng.remote.RemoteTestNG.main(RemoteTestNG.java:77)
</pre></div></td>
<td>0</td>
<td>com.adminlte.qa.testcases.AdduserTestcases@2a556333</td></tr>
</table><p>
<table width='100%' border='1' class='invocation-passed'>
<tr><td colspan='4' align='center'><b>PASSED TESTS</b></td></tr>
<tr><td><b>Test method</b></td>
<td width="30%"><b>Exception</b></td>
<td width="10%"><b>Time (seconds)</b></td>
<td><b>Instance</b></td>
</tr>
<tr>
<td title='com.adminlte.qa.testcases.LoginpageTestcases.LoginTest()'><b>LoginTest</b><br>Test class: com.adminlte.qa.testcases.LoginpageTestcases</td>
<td></td>
<td>1</td>
<td>com.adminlte.qa.testcases.LoginpageTestcases@69a3d1d</td></tr>
<tr>
<td title='com.adminlte.qa.testcases.LoginpageTestcases.checklogotest()'><b>checklogotest</b><br>Test class: com.adminlte.qa.testcases.LoginpageTestcases</td>
<td></td>
<td>0</td>
<td>com.adminlte.qa.testcases.LoginpageTestcases@69a3d1d</td></tr>
<tr>
<td title='com.adminlte.qa.testcases.DashboardTest.clickPythonsyllabustabTest()'><b>clickPythonsyllabustabTest</b><br>Test class: com.adminlte.qa.testcases.DashboardTest</td>
<td></td>
<td>1</td>
<td>com.adminlte.qa.testcases.DashboardTest@86be70a</td></tr>
<tr>
<td title='com.adminlte.qa.testcases.UserPageTestcases.clickonAdduserTest()'><b>clickonAdduserTest</b><br>Test class: com.adminlte.qa.testcases.UserPageTestcases</td>
<td></td>
<td>2</td>
<td>com.adminlte.qa.testcases.UserPageTestcases@480bdb19</td></tr>
<tr>
<td title='com.adminlte.qa.testcases.UserPageTestcases.clickonLogoutTest()'><b>clickonLogoutTest</b><br>Test class: com.adminlte.qa.testcases.UserPageTestcases</td>
<td></td>
<td>2</td>
<td>com.adminlte.qa.testcases.UserPageTestcases@480bdb19</td></tr>
<tr>
<td title='com.adminlte.qa.testcases.DashboardTest.clickonOperatorsTest()'><b>clickonOperatorsTest</b><br>Test class: com.adminlte.qa.testcases.DashboardTest</td>
<td></td>
<td>1</td>
<td>com.adminlte.qa.testcases.DashboardTest@86be70a</td></tr>
<tr>
<td title='com.adminlte.qa.testcases.DashboardTest.clickonUserTest()'><b>clickonUserTest</b><br>Test class: com.adminlte.qa.testcases.DashboardTest</td>
<td></td>
<td>0</td>
<td>com.adminlte.qa.testcases.DashboardTest@86be70a</td></tr>
<tr>
<td title='com.adminlte.qa.testcases.UserPageTestcases.clickondeleteTest()'><b>clickondeleteTest</b><br>Test class: com.adminlte.qa.testcases.UserPageTestcases</td>
<td></td>
<td>13</td>
<td>com.adminlte.qa.testcases.UserPageTestcases@480bdb19</td></tr>
<tr>
<td title='com.adminlte.qa.testcases.DashboardTest.clickseleniumtestingsyllabustabTest()'><b>clickseleniumtestingsyllabustabTest</b><br>Test class: com.adminlte.qa.testcases.DashboardTest</td>
<td></td>
<td>1</td>
<td>com.adminlte.qa.testcases.DashboardTest@86be70a</td></tr>
<tr>
<td title='com.adminlte.qa.testcases.AdduserTestcases.createnewUserTest()'><b>createnewUserTest</b><br>Test class: com.adminlte.qa.testcases.AdduserTestcases<br>Parameters: Nilesh, 8.60039565E9, nilmane@gmail.com, java, Male, Maharashtra, nileshmane</td>
<td></td>
<td>5</td>
<td>com.adminlte.qa.testcases.AdduserTestcases@2a556333</td></tr>
<tr>
<td title='com.adminlte.qa.testcases.AdduserTestcases.createnewUserTest()'><b>createnewUserTest</b><br>Test class: com.adminlte.qa.testcases.AdduserTestcases<br>Parameters: madhura, 9.870927615E9, madhura@gmail.com, testing, Female, Maharashtra, madu</td>
<td></td>
<td>5</td>
<td>com.adminlte.qa.testcases.AdduserTestcases@2a556333</td></tr>
<tr>
<td title='com.adminlte.qa.testcases.AdduserTestcases.createnewUserTest()'><b>createnewUserTest</b><br>Test class: com.adminlte.qa.testcases.AdduserTestcases<br>Parameters: Himakshi, 1.23456789E8, Himakshi@gmail.com, java, Female, Punjab, Hima</td>
<td></td>
<td>5</td>
<td>com.adminlte.qa.testcases.AdduserTestcases@2a556333</td></tr>
<tr>
<td title='com.adminlte.qa.testcases.LoginpageTestcases.loginTestwith_Invalid_data()'><b>loginTestwith_Invalid_data</b><br>Test class: com.adminlte.qa.testcases.LoginpageTestcases</td>
<td></td>
<td>0</td>
<td>com.adminlte.qa.testcases.LoginpageTestcases@69a3d1d</td></tr>
<tr>
<td title='com.adminlte.qa.testcases.LoginpageTestcases.loginTestwith_Invalid_data()'><b>loginTestwith_Invalid_data</b><br>Test class: com.adminlte.qa.testcases.LoginpageTestcases</td>
<td></td>
<td>0</td>
<td>com.adminlte.qa.testcases.LoginpageTestcases@69a3d1d</td></tr>
<tr>
<td title='com.adminlte.qa.testcases.LoginpageTestcases.loginpageTitletest()'><b>loginpageTitletest</b><br>Test class: com.adminlte.qa.testcases.LoginpageTestcases</td>
<td></td>
<td>0</td>
<td>com.adminlte.qa.testcases.LoginpageTestcases@69a3d1d</td></tr>
<tr>
<td title='com.adminlte.qa.testcases.UserPageTestcases.tabletiledisplayTest()'><b>tabletiledisplayTest</b><br>Test class: com.adminlte.qa.testcases.UserPageTestcases</td>
<td></td>
<td>0</td>
<td>com.adminlte.qa.testcases.UserPageTestcases@480bdb19</td></tr>
<tr>
<td title='com.adminlte.qa.testcases.DashboardTest.verifycorrectUsernamedisplayedTest()'><b>verifycorrectUsernamedisplayedTest</b><br>Test class: com.adminlte.qa.testcases.DashboardTest</td>
<td></td>
<td>0</td>
<td>com.adminlte.qa.testcases.DashboardTest@86be70a</td></tr>
</table><p>
</body>
</html>