<?xml version="1.0" encoding="UTF-8"?>
<testng-results skipped="0" failed="1" ignored="0" total="18" passed="17">
  <reporter-output>
  </reporter-output>
  <suite name="AdminLteSuite" duration-ms="299769" started-at="2019-12-27T12:34:25Z" finished-at="2019-12-27T12:39:24Z">
    <groups>
    </groups>
    <test name="Test" duration-ms="299769" started-at="2019-12-27T12:34:25Z" finished-at="2019-12-27T12:39:24Z">
      <class name="com.adminlte.qa.testcases.DashboardTest">
        <test-method status="PASS" signature="setup()[pri:0, instance:com.adminlte.qa.testcases.DashboardTest@2ef5e5e3]" name="setup" is-config="true" duration-ms="14332" started-at="2019-12-27T18:04:37Z" finished-at="2019-12-27T18:04:52Z">
          <reporter-output>
          </reporter-output>
        </test-method> <!-- setup -->
        <test-method status="PASS" signature="verifycorrectUsernamedisplayedTest()[pri:1, instance:com.adminlte.qa.testcases.DashboardTest@2ef5e5e3]" name="verifycorrectUsernamedisplayedTest" duration-ms="131" started-at="2019-12-27T18:04:52Z" finished-at="2019-12-27T18:04:52Z">
          <reporter-output>
          </reporter-output>
        </test-method> <!-- verifycorrectUsernamedisplayedTest -->
        <test-method status="PASS" signature="tearDown()[pri:0, instance:com.adminlte.qa.testcases.DashboardTest@2ef5e5e3]" name="tearDown" is-config="true" duration-ms="690" started-at="2019-12-27T18:04:52Z" finished-at="2019-12-27T18:04:52Z">
          <reporter-output>
          </reporter-output>
        </test-method> <!-- tearDown -->
        <test-method status="PASS" signature="setup()[pri:0, instance:com.adminlte.qa.testcases.DashboardTest@2ef5e5e3]" name="setup" is-config="true" duration-ms="12793" started-at="2019-12-27T18:05:32Z" finished-at="2019-12-27T18:05:45Z">
          <reporter-output>
          </reporter-output>
        </test-method> <!-- setup -->
        <test-method status="PASS" signature="clickonUserTest()[pri:2, instance:com.adminlte.qa.testcases.DashboardTest@2ef5e5e3]" name="clickonUserTest" duration-ms="288" started-at="2019-12-27T18:05:45Z" finished-at="2019-12-27T18:05:45Z">
          <reporter-output>
          </reporter-output>
        </test-method> <!-- clickonUserTest -->
        <test-method status="PASS" signature="tearDown()[pri:0, instance:com.adminlte.qa.testcases.DashboardTest@2ef5e5e3]" name="tearDown" is-config="true" duration-ms="695" started-at="2019-12-27T18:05:45Z" finished-at="2019-12-27T18:05:46Z">
          <reporter-output>
          </reporter-output>
        </test-method> <!-- tearDown -->
        <test-method status="PASS" signature="setup()[pri:0, instance:com.adminlte.qa.testcases.DashboardTest@2ef5e5e3]" name="setup" is-config="true" duration-ms="14836" started-at="2019-12-27T18:07:42Z" finished-at="2019-12-27T18:07:57Z">
          <reporter-output>
          </reporter-output>
        </test-method> <!-- setup -->
        <test-method status="PASS" signature="clickonOperatorsTest()[pri:3, instance:com.adminlte.qa.testcases.DashboardTest@2ef5e5e3]" name="clickonOperatorsTest" duration-ms="1415" started-at="2019-12-27T18:07:57Z" finished-at="2019-12-27T18:07:58Z">
          <reporter-output>
          </reporter-output>
        </test-method> <!-- clickonOperatorsTest -->
        <test-method status="PASS" signature="tearDown()[pri:0, instance:com.adminlte.qa.testcases.DashboardTest@2ef5e5e3]" name="tearDown" is-config="true" duration-ms="673" started-at="2019-12-27T18:07:58Z" finished-at="2019-12-27T18:07:59Z">
          <reporter-output>
          </reporter-output>
        </test-method> <!-- tearDown -->
        <test-method status="PASS" signature="setup()[pri:0, instance:com.adminlte.qa.testcases.DashboardTest@2ef5e5e3]" name="setup" is-config="true" duration-ms="12940" started-at="2019-12-27T18:08:38Z" finished-at="2019-12-27T18:08:51Z">
          <reporter-output>
          </reporter-output>
        </test-method> <!-- setup -->
        <test-method status="PASS" signature="clickseleniumtestingsyllabustabTest()[pri:4, instance:com.adminlte.qa.testcases.DashboardTest@2ef5e5e3]" name="clickseleniumtestingsyllabustabTest" duration-ms="1117" started-at="2019-12-27T18:08:51Z" finished-at="2019-12-27T18:08:52Z">
          <reporter-output>
          </reporter-output>
        </test-method> <!-- clickseleniumtestingsyllabustabTest -->
        <test-method status="PASS" signature="tearDown()[pri:0, instance:com.adminlte.qa.testcases.DashboardTest@2ef5e5e3]" name="tearDown" is-config="true" duration-ms="673" started-at="2019-12-27T18:08:52Z" finished-at="2019-12-27T18:08:53Z">
          <reporter-output>
          </reporter-output>
        </test-method> <!-- tearDown -->
        <test-method status="PASS" signature="setup()[pri:0, instance:com.adminlte.qa.testcases.DashboardTest@2ef5e5e3]" name="setup" is-config="true" duration-ms="14200" started-at="2019-12-27T18:09:08Z" finished-at="2019-12-27T18:09:23Z">
          <reporter-output>
          </reporter-output>
        </test-method> <!-- setup -->
        <test-method status="PASS" signature="clickPythonsyllabustabTest()[pri:5, instance:com.adminlte.qa.testcases.DashboardTest@2ef5e5e3]" name="clickPythonsyllabustabTest" duration-ms="1107" started-at="2019-12-27T18:09:23Z" finished-at="2019-12-27T18:09:24Z">
          <reporter-output>
          </reporter-output>
        </test-method> <!-- clickPythonsyllabustabTest -->
        <test-method status="PASS" signature="tearDown()[pri:0, instance:com.adminlte.qa.testcases.DashboardTest@2ef5e5e3]" name="tearDown" is-config="true" duration-ms="705" started-at="2019-12-27T18:09:24Z" finished-at="2019-12-27T18:09:24Z">
          <reporter-output>
          </reporter-output>
        </test-method> <!-- tearDown -->
      </class> <!-- com.adminlte.qa.testcases.DashboardTest -->
      <class name="com.adminlte.qa.testcases.UserPageTestcases">
        <test-method status="PASS" signature="setup()[pri:0, instance:com.adminlte.qa.testcases.UserPageTestcases@36d4b5c]" name="setup" is-config="true" duration-ms="11641" started-at="2019-12-27T18:04:52Z" finished-at="2019-12-27T18:05:04Z">
          <reporter-output>
          </reporter-output>
        </test-method> <!-- setup -->
        <test-method status="PASS" signature="tabletiledisplayTest()[pri:1, instance:com.adminlte.qa.testcases.UserPageTestcases@36d4b5c]" name="tabletiledisplayTest" duration-ms="47" started-at="2019-12-27T18:05:04Z" finished-at="2019-12-27T18:05:04Z">
          <reporter-output>
          </reporter-output>
        </test-method> <!-- tabletiledisplayTest -->
        <test-method status="PASS" signature="teardown()[pri:0, instance:com.adminlte.qa.testcases.UserPageTestcases@36d4b5c]" name="teardown" is-config="true" duration-ms="675" started-at="2019-12-27T18:05:04Z" finished-at="2019-12-27T18:05:05Z">
          <reporter-output>
          </reporter-output>
        </test-method> <!-- teardown -->
        <test-method status="PASS" signature="setup()[pri:0, instance:com.adminlte.qa.testcases.UserPageTestcases@36d4b5c]" name="setup" is-config="true" duration-ms="13187" started-at="2019-12-27T18:05:46Z" finished-at="2019-12-27T18:05:59Z">
          <reporter-output>
          </reporter-output>
        </test-method> <!-- setup -->
        <test-method status="PASS" signature="clickonAdduserTest()[pri:2, instance:com.adminlte.qa.testcases.UserPageTestcases@36d4b5c]" name="clickonAdduserTest" duration-ms="2348" started-at="2019-12-27T18:05:59Z" finished-at="2019-12-27T18:06:01Z">
          <reporter-output>
          </reporter-output>
        </test-method> <!-- clickonAdduserTest -->
        <test-method status="PASS" signature="teardown()[pri:0, instance:com.adminlte.qa.testcases.UserPageTestcases@36d4b5c]" name="teardown" is-config="true" duration-ms="1147" started-at="2019-12-27T18:06:01Z" finished-at="2019-12-27T18:06:02Z">
          <reporter-output>
          </reporter-output>
        </test-method> <!-- teardown -->
        <test-method status="PASS" signature="setup()[pri:0, instance:com.adminlte.qa.testcases.UserPageTestcases@36d4b5c]" name="setup" is-config="true" duration-ms="12254" started-at="2019-12-27T18:07:59Z" finished-at="2019-12-27T18:08:11Z">
          <reporter-output>
          </reporter-output>
        </test-method> <!-- setup -->
        <test-method status="PASS" signature="clickondeleteTest()[pri:3, instance:com.adminlte.qa.testcases.UserPageTestcases@36d4b5c]" name="clickondeleteTest" duration-ms="13126" started-at="2019-12-27T18:08:11Z" finished-at="2019-12-27T18:08:24Z">
          <reporter-output>
          </reporter-output>
        </test-method> <!-- clickondeleteTest -->
        <test-method status="PASS" signature="teardown()[pri:0, instance:com.adminlte.qa.testcases.UserPageTestcases@36d4b5c]" name="teardown" is-config="true" duration-ms="676" started-at="2019-12-27T18:08:24Z" finished-at="2019-12-27T18:08:25Z">
          <reporter-output>
          </reporter-output>
        </test-method> <!-- teardown -->
        <test-method status="PASS" signature="setup()[pri:0, instance:com.adminlte.qa.testcases.UserPageTestcases@36d4b5c]" name="setup" is-config="true" duration-ms="12443" started-at="2019-12-27T18:08:53Z" finished-at="2019-12-27T18:09:05Z">
          <reporter-output>
          </reporter-output>
        </test-method> <!-- setup -->
        <test-method status="PASS" signature="clickonLogoutTest()[pri:4, instance:com.adminlte.qa.testcases.UserPageTestcases@36d4b5c]" name="clickonLogoutTest" duration-ms="2232" started-at="2019-12-27T18:09:05Z" finished-at="2019-12-27T18:09:07Z">
          <reporter-output>
          </reporter-output>
        </test-method> <!-- clickonLogoutTest -->
        <test-method status="PASS" signature="teardown()[pri:0, instance:com.adminlte.qa.testcases.UserPageTestcases@36d4b5c]" name="teardown" is-config="true" duration-ms="1126" started-at="2019-12-27T18:09:07Z" finished-at="2019-12-27T18:09:08Z">
          <reporter-output>
          </reporter-output>
        </test-method> <!-- teardown -->
      </class> <!-- com.adminlte.qa.testcases.UserPageTestcases -->
      <class name="com.adminlte.qa.testcases.LoginpageTestcases">
        <test-method status="PASS" signature="setup()[pri:0, instance:com.adminlte.qa.testcases.LoginpageTestcases@643b1d11]" name="setup" is-config="true" duration-ms="12462" started-at="2019-12-27T18:04:25Z" finished-at="2019-12-27T18:04:37Z">
          <reporter-output>
          </reporter-output>
        </test-method> <!-- setup -->
        <test-method status="PASS" signature="loginpageTitletest()[pri:1, instance:com.adminlte.qa.testcases.LoginpageTestcases@643b1d11]" name="loginpageTitletest" duration-ms="20" started-at="2019-12-27T18:04:37Z" finished-at="2019-12-27T18:04:37Z">
          <reporter-output>
          </reporter-output>
        </test-method> <!-- loginpageTitletest -->
        <test-method status="PASS" signature="tearDown()[pri:0, instance:com.adminlte.qa.testcases.LoginpageTestcases@643b1d11]" name="tearDown" is-config="true" duration-ms="117" started-at="2019-12-27T18:04:37Z" finished-at="2019-12-27T18:04:37Z">
          <reporter-output>
          </reporter-output>
        </test-method> <!-- tearDown -->
        <test-method status="PASS" signature="setup()[pri:0, instance:com.adminlte.qa.testcases.LoginpageTestcases@643b1d11]" name="setup" is-config="true" duration-ms="10754" started-at="2019-12-27T18:05:21Z" finished-at="2019-12-27T18:05:32Z">
          <reporter-output>
          </reporter-output>
        </test-method> <!-- setup -->
        <test-method status="PASS" signature="checklogotest()[pri:2, instance:com.adminlte.qa.testcases.LoginpageTestcases@643b1d11]" name="checklogotest" duration-ms="58" started-at="2019-12-27T18:05:32Z" finished-at="2019-12-27T18:05:32Z">
          <reporter-output>
          </reporter-output>
        </test-method> <!-- checklogotest -->
        <test-method status="PASS" signature="tearDown()[pri:0, instance:com.adminlte.qa.testcases.LoginpageTestcases@643b1d11]" name="tearDown" is-config="true" duration-ms="90" started-at="2019-12-27T18:05:32Z" finished-at="2019-12-27T18:05:32Z">
          <reporter-output>
          </reporter-output>
        </test-method> <!-- tearDown -->
        <test-method status="PASS" signature="setup()[pri:0, instance:com.adminlte.qa.testcases.LoginpageTestcases@643b1d11]" name="setup" is-config="true" duration-ms="10753" started-at="2019-12-27T18:07:19Z" finished-at="2019-12-27T18:07:30Z">
          <reporter-output>
          </reporter-output>
        </test-method> <!-- setup -->
        <test-method status="PASS" signature="loginTestwith_Invalid_data()[pri:3, instance:com.adminlte.qa.testcases.LoginpageTestcases@643b1d11]" name="loginTestwith_Invalid_data" duration-ms="297" started-at="2019-12-27T18:07:30Z" finished-at="2019-12-27T18:07:30Z">
          <reporter-output>
          </reporter-output>
        </test-method> <!-- loginTestwith_Invalid_data -->
        <test-method status="PASS" signature="tearDown()[pri:0, instance:com.adminlte.qa.testcases.LoginpageTestcases@643b1d11]" name="tearDown" is-config="true" duration-ms="68" started-at="2019-12-27T18:07:30Z" finished-at="2019-12-27T18:07:30Z">
          <reporter-output>
          </reporter-output>
        </test-method> <!-- tearDown -->
        <test-method status="PASS" signature="setup()[pri:0, instance:com.adminlte.qa.testcases.LoginpageTestcases@643b1d11]" name="setup" is-config="true" duration-ms="10953" started-at="2019-12-27T18:07:30Z" finished-at="2019-12-27T18:07:41Z">
          <reporter-output>
          </reporter-output>
        </test-method> <!-- setup -->
        <test-method status="PASS" signature="loginTestwith_Invalid_data()[pri:3, instance:com.adminlte.qa.testcases.LoginpageTestcases@643b1d11]" name="loginTestwith_Invalid_data" duration-ms="1151" started-at="2019-12-27T18:07:41Z" finished-at="2019-12-27T18:07:42Z">
          <reporter-output>
          </reporter-output>
        </test-method> <!-- loginTestwith_Invalid_data -->
        <test-method status="PASS" signature="tearDown()[pri:0, instance:com.adminlte.qa.testcases.LoginpageTestcases@643b1d11]" name="tearDown" is-config="true" duration-ms="70" started-at="2019-12-27T18:07:42Z" finished-at="2019-12-27T18:07:42Z">
          <reporter-output>
          </reporter-output>
        </test-method> <!-- tearDown -->
        <test-method status="PASS" signature="setup()[pri:0, instance:com.adminlte.qa.testcases.LoginpageTestcases@643b1d11]" name="setup" is-config="true" duration-ms="11540" started-at="2019-12-27T18:08:25Z" finished-at="2019-12-27T18:08:37Z">
          <reporter-output>
          </reporter-output>
        </test-method> <!-- setup -->
        <test-method status="PASS" signature="LoginTest()[pri:4, instance:com.adminlte.qa.testcases.LoginpageTestcases@643b1d11]" name="LoginTest" duration-ms="1120" started-at="2019-12-27T18:08:37Z" finished-at="2019-12-27T18:08:38Z">
          <reporter-output>
          </reporter-output>
        </test-method> <!-- LoginTest -->
        <test-method status="PASS" signature="tearDown()[pri:0, instance:com.adminlte.qa.testcases.LoginpageTestcases@643b1d11]" name="tearDown" is-config="true" duration-ms="74" started-at="2019-12-27T18:08:38Z" finished-at="2019-12-27T18:08:38Z">
          <reporter-output>
          </reporter-output>
        </test-method> <!-- tearDown -->
      </class> <!-- com.adminlte.qa.testcases.LoginpageTestcases -->
      <class name="com.adminlte.qa.testcases.AdduserTestcases">
        <test-method status="PASS" signature="setup()[pri:0, instance:com.adminlte.qa.testcases.AdduserTestcases@6d00a15d]" name="setup" is-config="true" duration-ms="15409" started-at="2019-12-27T18:05:05Z" finished-at="2019-12-27T18:05:20Z">
          <reporter-output>
          </reporter-output>
        </test-method> <!-- setup -->
        <test-method status="FAIL" signature="gettitleofpage()[pri:1, instance:com.adminlte.qa.testcases.AdduserTestcases@6d00a15d]" name="gettitleofpage" duration-ms="15" started-at="2019-12-27T18:05:20Z" finished-at="2019-12-27T18:05:20Z">
          <exception class="java.lang.AssertionError">
            <message>
              <![CDATA[JavaByKiran | Add User expected:<JavaByKiran | Add User> but was:<Actual name is differnt than Expected >]]>
            </message>
            <full-stacktrace>
              <![CDATA[java.lang.AssertionError: JavaByKiran | Add User expected:<JavaByKiran | Add User> but was:<Actual name is differnt than Expected >
	at org.testng.AssertJUnit.assertEquals(AssertJUnit.java:101)
	at com.adminlte.qa.testcases.AdduserTestcases.gettitleofpage(AdduserTestcases.java:50)
	at sun.reflect.NativeMethodAccessorImpl.invoke0(Native Method)
	at sun.reflect.NativeMethodAccessorImpl.invoke(NativeMethodAccessorImpl.java:62)
	at sun.reflect.DelegatingMethodAccessorImpl.invoke(DelegatingMethodAccessorImpl.java:43)
	at java.lang.reflect.Method.invoke(Method.java:498)
	at org.testng.internal.MethodInvocationHelper.invokeMethod(MethodInvocationHelper.java:108)
	at org.testng.internal.Invoker.invokeMethod(Invoker.java:661)
	at org.testng.internal.Invoker.invokeTestMethod(Invoker.java:869)
	at org.testng.internal.Invoker.invokeTestMethods(Invoker.java:1193)
	at org.testng.internal.TestMethodWorker.invokeTestMethods(TestMethodWorker.java:126)
	at org.testng.internal.TestMethodWorker.run(TestMethodWorker.java:109)
	at org.testng.TestRunner.privateRun(TestRunner.java:744)
	at org.testng.TestRunner.run(TestRunner.java:602)
	at org.testng.SuiteRunner.runTest(SuiteRunner.java:380)
	at org.testng.SuiteRunner.runSequentially(SuiteRunner.java:375)
	at org.testng.SuiteRunner.privateRun(SuiteRunner.java:340)
	at org.testng.SuiteRunner.run(SuiteRunner.java:289)
	at org.testng.SuiteRunnerWorker.runSuite(SuiteRunnerWorker.java:52)
	at org.testng.SuiteRunnerWorker.run(SuiteRunnerWorker.java:86)
	at org.testng.TestNG.runSuitesSequentially(TestNG.java:1301)
	at org.testng.TestNG.runSuitesLocally(TestNG.java:1226)
	at org.testng.TestNG.runSuites(TestNG.java:1144)
	at org.testng.TestNG.run(TestNG.java:1115)
	at org.apache.maven.surefire.testng.TestNGExecutor.run(TestNGExecutor.java:283)
	at org.apache.maven.surefire.testng.TestNGXmlTestSuite.execute(TestNGXmlTestSuite.java:75)
	at org.apache.maven.surefire.testng.TestNGProvider.invoke(TestNGProvider.java:120)
	at org.apache.maven.surefire.booter.ForkedBooter.runSuitesInProcess(ForkedBooter.java:377)
	at org.apache.maven.surefire.booter.ForkedBooter.execute(ForkedBooter.java:138)
	at org.apache.maven.surefire.booter.ForkedBooter.run(ForkedBooter.java:465)
	at org.apache.maven.surefire.booter.ForkedBooter.main(ForkedBooter.java:451)
]]>
            </full-stacktrace>
          </exception> <!-- java.lang.AssertionError -->
          <reporter-output>
          </reporter-output>
        </test-method> <!-- gettitleofpage -->
        <test-method status="PASS" signature="closebrowser()[pri:0, instance:com.adminlte.qa.testcases.AdduserTestcases@6d00a15d]" name="closebrowser" is-config="true" duration-ms="675" started-at="2019-12-27T18:05:20Z" finished-at="2019-12-27T18:05:21Z">
          <reporter-output>
          </reporter-output>
        </test-method> <!-- closebrowser -->
        <test-method status="PASS" signature="setup()[pri:0, instance:com.adminlte.qa.testcases.AdduserTestcases@6d00a15d]" name="setup" is-config="true" duration-ms="19888" started-at="2019-12-27T18:06:05Z" finished-at="2019-12-27T18:06:25Z">
          <reporter-output>
          </reporter-output>
        </test-method> <!-- setup -->
        <test-method status="PASS" signature="createnewUserTest(java.lang.String, java.lang.String, java.lang.String, java.lang.String, java.lang.String, java.lang.String, java.lang.String)[pri:2, instance:com.adminlte.qa.testcases.AdduserTestcases@6d00a15d]" name="createnewUserTest" duration-ms="6260" started-at="2019-12-27T18:06:25Z" data-provider="getADMINLTEtestdata" finished-at="2019-12-27T18:06:31Z">
          <params>
            <param index="0">
              <value>
                <![CDATA[Nilesh]]>
              </value>
            </param>
            <param index="1">
              <value>
                <![CDATA[8.60039565E9]]>
              </value>
            </param>
            <param index="2">
              <value>
                <![CDATA[nilmane@gmail.com]]>
              </value>
            </param>
            <param index="3">
              <value>
                <![CDATA[java]]>
              </value>
            </param>
            <param index="4">
              <value>
                <![CDATA[Male]]>
              </value>
            </param>
            <param index="5">
              <value>
                <![CDATA[Maharashtra]]>
              </value>
            </param>
            <param index="6">
              <value>
                <![CDATA[nileshmane]]>
              </value>
            </param>
          </params>
          <reporter-output>
          </reporter-output>
        </test-method> <!-- createnewUserTest -->
        <test-method status="PASS" signature="closebrowser()[pri:0, instance:com.adminlte.qa.testcases.AdduserTestcases@6d00a15d]" name="closebrowser" is-config="true" duration-ms="674" started-at="2019-12-27T18:06:31Z" finished-at="2019-12-27T18:06:32Z">
          <reporter-output>
          </reporter-output>
        </test-method> <!-- closebrowser -->
        <test-method status="PASS" signature="setup()[pri:0, instance:com.adminlte.qa.testcases.AdduserTestcases@6d00a15d]" name="setup" is-config="true" duration-ms="16910" started-at="2019-12-27T18:06:32Z" finished-at="2019-12-27T18:06:49Z">
          <reporter-output>
          </reporter-output>
        </test-method> <!-- setup -->
        <test-method status="PASS" signature="createnewUserTest(java.lang.String, java.lang.String, java.lang.String, java.lang.String, java.lang.String, java.lang.String, java.lang.String)[pri:2, instance:com.adminlte.qa.testcases.AdduserTestcases@6d00a15d]" name="createnewUserTest" duration-ms="6003" started-at="2019-12-27T18:06:49Z" data-provider="getADMINLTEtestdata" finished-at="2019-12-27T18:06:55Z">
          <params>
            <param index="0">
              <value>
                <![CDATA[madhura]]>
              </value>
            </param>
            <param index="1">
              <value>
                <![CDATA[9.870927615E9]]>
              </value>
            </param>
            <param index="2">
              <value>
                <![CDATA[madhura@gmail.com]]>
              </value>
            </param>
            <param index="3">
              <value>
                <![CDATA[testing]]>
              </value>
            </param>
            <param index="4">
              <value>
                <![CDATA[Female]]>
              </value>
            </param>
            <param index="5">
              <value>
                <![CDATA[Maharashtra]]>
              </value>
            </param>
            <param index="6">
              <value>
                <![CDATA[madu]]>
              </value>
            </param>
          </params>
          <reporter-output>
          </reporter-output>
        </test-method> <!-- createnewUserTest -->
        <test-method status="PASS" signature="closebrowser()[pri:0, instance:com.adminlte.qa.testcases.AdduserTestcases@6d00a15d]" name="closebrowser" is-config="true" duration-ms="700" started-at="2019-12-27T18:06:55Z" finished-at="2019-12-27T18:06:55Z">
          <reporter-output>
          </reporter-output>
        </test-method> <!-- closebrowser -->
        <test-method status="PASS" signature="setup()[pri:0, instance:com.adminlte.qa.testcases.AdduserTestcases@6d00a15d]" name="setup" is-config="true" duration-ms="16647" started-at="2019-12-27T18:06:55Z" finished-at="2019-12-27T18:07:12Z">
          <reporter-output>
          </reporter-output>
        </test-method> <!-- setup -->
        <test-method status="PASS" signature="createnewUserTest(java.lang.String, java.lang.String, java.lang.String, java.lang.String, java.lang.String, java.lang.String, java.lang.String)[pri:2, instance:com.adminlte.qa.testcases.AdduserTestcases@6d00a15d]" name="createnewUserTest" duration-ms="5888" started-at="2019-12-27T18:07:12Z" data-provider="getADMINLTEtestdata" finished-at="2019-12-27T18:07:18Z">
          <params>
            <param index="0">
              <value>
                <![CDATA[Himakshi]]>
              </value>
            </param>
            <param index="1">
              <value>
                <![CDATA[1.23456789E8]]>
              </value>
            </param>
            <param index="2">
              <value>
                <![CDATA[Himakshi@gmail.com]]>
              </value>
            </param>
            <param index="3">
              <value>
                <![CDATA[java]]>
              </value>
            </param>
            <param index="4">
              <value>
                <![CDATA[Female]]>
              </value>
            </param>
            <param index="5">
              <value>
                <![CDATA[Punjab]]>
              </value>
            </param>
            <param index="6">
              <value>
                <![CDATA[Hima]]>
              </value>
            </param>
          </params>
          <reporter-output>
          </reporter-output>
        </test-method> <!-- createnewUserTest -->
        <test-method status="PASS" signature="closebrowser()[pri:0, instance:com.adminlte.qa.testcases.AdduserTestcases@6d00a15d]" name="closebrowser" is-config="true" duration-ms="877" started-at="2019-12-27T18:07:18Z" finished-at="2019-12-27T18:07:19Z">
          <reporter-output>
          </reporter-output>
        </test-method> <!-- closebrowser -->
      </class> <!-- com.adminlte.qa.testcases.AdduserTestcases -->
    </test> <!-- Test -->
  </suite> <!-- AdminLteSuite -->
</testng-results>
