<?xml version="1.0" encoding="UTF-8"?>
<!-- Generated by org.testng.reporters.JUnitXMLReporter -->
<testsuite hostname="DESKTOP-626U24Q" ignored="0" name="Command line test" tests="5" failures="0" timestamp="27 Dec 2019 11:58:58 GMT" time="44.805" errors="0">
  <testcase name="@BeforeMethod setup" time="15.741" classname="com.adminlte.qa.testcases.DashboardTest">
    <failure type="org.openqa.selenium.SessionNotCreatedException" message="session not created
from chrome not reachable
  (Session info: chrome=79.0.3945.88)
Build info: version: &amp;apos;3.14.0&amp;apos;, revision: &amp;apos;aacccce0&amp;apos;, time: &amp;apos;2018-08-02T20:19:58.91Z&amp;apos;
System info: host: &amp;apos;DESKTOP-626U24Q&amp;apos;, ip: &amp;apos;192.168.1.235&amp;apos;, os.name: &amp;apos;Windows 10&amp;apos;, os.arch: &amp;apos;amd64&amp;apos;, os.version: &amp;apos;10.0&amp;apos;, java.version: &amp;apos;1.8.0_221&amp;apos;
Driver info: driver.version: ChromeDriver
remote stacktrace: Backtrace:
	Ordinal0 [0x00F5A923+1550627]
	Ordinal0 [0x00EDA731+1025841]
	Ordinal0 [0x00E5C5BE+509374]
	Ordinal0 [0x00E562F2+484082]
	Ordinal0 [0x00E569CB+485835]
	Ordinal0 [0x00E57B35+490293]
	Ordinal0 [0x00E53AB5+473781]
	Ordinal0 [0x00E5D360+512864]
	Ordinal0 [0x00E0B649+177737]
	Ordinal0 [0x00E0A8ED+174317]
	Ordinal0 [0x00E08CDB+167131]
	Ordinal0 [0x00DF144A+70730]
	Ordinal0 [0x00DF24D0+74960]
	Ordinal0 [0x00DF2469+74857]
	Ordinal0 [0x00EF42F7+1131255]
	GetHandleVerifier [0x00FF711D+523789]
	GetHandleVerifier [0x00FF6EB0+523168]
	GetHandleVerifier [0x00FFE207+552695]
	GetHandleVerifier [0x00FF791A+525834]
	Ordinal0 [0x00EEB82C+1095724]
	Ordinal0 [0x00EF636B+1139563]
	Ordinal0 [0x00EF64D3+1139923]
	Ordinal0 [0x00EF5455+1135701]
	BaseThreadInitThunk [0x77606359+25]
	RtlGetAppContainerNamedObjectPath [0x778C7B74+228]
	RtlGetAppContainerNamedObjectPath [0x778C7B44+180]
">
      <![CDATA[org.openqa.selenium.SessionNotCreatedException: session not created
from chrome not reachable
  (Session info: chrome=79.0.3945.88)
Build info: version: '3.14.0', revision: 'aacccce0', time: '2018-08-02T20:19:58.91Z'
System info: host: 'DESKTOP-626U24Q', ip: '192.168.1.235', os.name: 'Windows 10', os.arch: 'amd64', os.version: '10.0', java.version: '1.8.0_221'
Driver info: driver.version: ChromeDriver
remote stacktrace: Backtrace:
	Ordinal0 [0x00F5A923+1550627]
	Ordinal0 [0x00EDA731+1025841]
	Ordinal0 [0x00E5C5BE+509374]
	Ordinal0 [0x00E562F2+484082]
	Ordinal0 [0x00E569CB+485835]
	Ordinal0 [0x00E57B35+490293]
	Ordinal0 [0x00E53AB5+473781]
	Ordinal0 [0x00E5D360+512864]
	Ordinal0 [0x00E0B649+177737]
	Ordinal0 [0x00E0A8ED+174317]
	Ordinal0 [0x00E08CDB+167131]
	Ordinal0 [0x00DF144A+70730]
	Ordinal0 [0x00DF24D0+74960]
	Ordinal0 [0x00DF2469+74857]
	Ordinal0 [0x00EF42F7+1131255]
	GetHandleVerifier [0x00FF711D+523789]
	GetHandleVerifier [0x00FF6EB0+523168]
	GetHandleVerifier [0x00FFE207+552695]
	GetHandleVerifier [0x00FF791A+525834]
	Ordinal0 [0x00EEB82C+1095724]
	Ordinal0 [0x00EF636B+1139563]
	Ordinal0 [0x00EF64D3+1139923]
	Ordinal0 [0x00EF5455+1135701]
	BaseThreadInitThunk [0x77606359+25]
	RtlGetAppContainerNamedObjectPath [0x778C7B74+228]
	RtlGetAppContainerNamedObjectPath [0x778C7B44+180]

	at org.openqa.selenium.remote.W3CHandshakeResponse.lambda$new$0(W3CHandshakeResponse.java:57)
	at org.openqa.selenium.remote.W3CHandshakeResponse.lambda$getResponseFunction$2(W3CHandshakeResponse.java:104)
	at org.openqa.selenium.remote.ProtocolHandshake.lambda$createSession$0(ProtocolHandshake.java:122)
	at java.util.stream.ReferencePipeline$3$1.accept(ReferencePipeline.java:193)
	at java.util.Spliterators$ArraySpliterator.tryAdvance(Spliterators.java:958)
	at java.util.stream.ReferencePipeline.forEachWithCancel(ReferencePipeline.java:126)
	at java.util.stream.AbstractPipeline.copyIntoWithCancel(AbstractPipeline.java:499)
	at java.util.stream.AbstractPipeline.copyInto(AbstractPipeline.java:486)
	at java.util.stream.AbstractPipeline.wrapAndCopyInto(AbstractPipeline.java:472)
	at java.util.stream.FindOps$FindOp.evaluateSequential(FindOps.java:152)
	at java.util.stream.AbstractPipeline.evaluate(AbstractPipeline.java:234)
	at java.util.stream.ReferencePipeline.findFirst(ReferencePipeline.java:464)
	at org.openqa.selenium.remote.ProtocolHandshake.createSession(ProtocolHandshake.java:125)
	at org.openqa.selenium.remote.ProtocolHandshake.createSession(ProtocolHandshake.java:73)
	at org.openqa.selenium.remote.HttpCommandExecutor.execute(HttpCommandExecutor.java:136)
	at org.openqa.selenium.remote.service.DriverCommandExecutor.execute(DriverCommandExecutor.java:83)
	at org.openqa.selenium.remote.RemoteWebDriver.execute(RemoteWebDriver.java:548)
	at org.openqa.selenium.remote.RemoteWebDriver.startSession(RemoteWebDriver.java:212)
	at org.openqa.selenium.remote.RemoteWebDriver.<init>(RemoteWebDriver.java:130)
	at org.openqa.selenium.chrome.ChromeDriver.<init>(ChromeDriver.java:181)
	at org.openqa.selenium.chrome.ChromeDriver.<init>(ChromeDriver.java:168)
	at org.openqa.selenium.chrome.ChromeDriver.<init>(ChromeDriver.java:123)
	at com.adminLTE.qa.base.TestBase.initialization(TestBase.java:44)
	at com.adminlte.qa.testcases.DashboardTest.setup(DashboardTest.java:37)
... Removed 40 stack frames]]>
    </failure>
  </testcase> <!-- @BeforeMethod setup -->
  <testcase name="@BeforeMethod setup" time="0.0" classname="com.adminlte.qa.testcases.DashboardTest">
    <skipped/>
  </testcase> <!-- @BeforeMethod setup -->
  <testcase name="@BeforeMethod setup" time="0.0" classname="com.adminlte.qa.testcases.DashboardTest">
    <skipped/>
  </testcase> <!-- @BeforeMethod setup -->
  <testcase name="verifycorrectUsernamedisplayedTest" time="0.085" classname="com.adminlte.qa.testcases.DashboardTest"/>
  <testcase name="clickonUserTest" time="0.331" classname="com.adminlte.qa.testcases.DashboardTest"/>
  <testcase name="clickonOperatorsTest" time="0.013" classname="com.adminlte.qa.testcases.DashboardTest">
    <skipped/>
  </testcase> <!-- clickonOperatorsTest -->
  <testcase name="clickseleniumtestingsyllabustabTest" time="0.0" classname="com.adminlte.qa.testcases.DashboardTest">
    <skipped/>
  </testcase> <!-- clickseleniumtestingsyllabustabTest -->
  <testcase name="clickPythonsyllabustabTest" time="0.0" classname="com.adminlte.qa.testcases.DashboardTest">
    <skipped/>
  </testcase> <!-- clickPythonsyllabustabTest -->
</testsuite> <!-- Command line test -->
