<?xml version="1.0" encoding="UTF-8"?>
<!-- Generated by org.testng.reporters.JUnitXMLReporter -->
<testsuite hostname="DESKTOP-626U24Q" ignored="0" name="Test" tests="18" failures="1" timestamp="27 Dec 2019 12:39:27 GMT" time="299.769" errors="0">
  <testcase name="loginpageTitletest" time="0.02" classname="com.adminlte.qa.testcases.LoginpageTestcases"/>
  <testcase name="verifycorrectUsernamedisplayedTest" time="0.131" classname="com.adminlte.qa.testcases.DashboardTest"/>
  <testcase name="tabletiledisplayTest" time="0.047" classname="com.adminlte.qa.testcases.UserPageTestcases"/>
  <testcase name="gettitleofpage" time="0.015" classname="com.adminlte.qa.testcases.AdduserTestcases">
    <failure type="java.lang.AssertionError" message="JavaByKiran | Add User expected:&amp;lt;JavaByKiran | Add User&amp;gt; but was:&amp;lt;Actual name is differnt than Expected &amp;gt;">
      <![CDATA[java.lang.AssertionError: JavaByKiran | Add User expected:<JavaByKiran | Add User> but was:<Actual name is differnt than Expected >
	at com.adminlte.qa.testcases.AdduserTestcases.gettitleofpage(AdduserTestcases.java:50)
... Removed 30 stack frames]]>
    </failure>
  </testcase> <!-- gettitleofpage -->
  <testcase name="checklogotest" time="0.058" classname="com.adminlte.qa.testcases.LoginpageTestcases"/>
  <testcase name="clickonUserTest" time="0.288" classname="com.adminlte.qa.testcases.DashboardTest"/>
  <testcase name="clickonAdduserTest" time="2.348" classname="com.adminlte.qa.testcases.UserPageTestcases"/>
  <testcase name="createnewUserTest" time="6.26" classname="com.adminlte.qa.testcases.AdduserTestcases"/>
  <testcase name="createnewUserTest" time="6.003" classname="com.adminlte.qa.testcases.AdduserTestcases"/>
  <testcase name="createnewUserTest" time="5.888" classname="com.adminlte.qa.testcases.AdduserTestcases"/>
  <testcase name="loginTestwith_Invalid_data" time="0.297" classname="com.adminlte.qa.testcases.LoginpageTestcases"/>
  <testcase name="loginTestwith_Invalid_data" time="1.151" classname="com.adminlte.qa.testcases.LoginpageTestcases"/>
  <testcase name="clickonOperatorsTest" time="1.415" classname="com.adminlte.qa.testcases.DashboardTest"/>
  <testcase name="clickondeleteTest" time="13.126" classname="com.adminlte.qa.testcases.UserPageTestcases"/>
  <testcase name="LoginTest" time="1.12" classname="com.adminlte.qa.testcases.LoginpageTestcases"/>
  <testcase name="clickseleniumtestingsyllabustabTest" time="1.117" classname="com.adminlte.qa.testcases.DashboardTest"/>
  <testcase name="clickonLogoutTest" time="2.232" classname="com.adminlte.qa.testcases.UserPageTestcases"/>
  <testcase name="clickPythonsyllabustabTest" time="1.107" classname="com.adminlte.qa.testcases.DashboardTest"/>
</testsuite> <!-- Test -->
